
> truthlens-ai@0.1.0 build
> next build

Î“Ă»â–“ Next.js 16.1.6 (Turbopack)
- Environments: .env.local

  Creating an optimized production build ...
Î“ÂŁĂ´ Compiled successfully in 6.9s
  Running TypeScript ...
  Collecting page data using 11 workers ...
  Generating static pages using 11 workers (0/16) ...
  Generating static pages using 11 workers (4/16) 
  Generating static pages using 11 workers (8/16) 
  Generating static pages using 11 workers (12/16) 
Î“ÂŁĂ´ Generating static pages using 11 workers (16/16) in 879.7ms
  Finalizing page optimization ...

Route (app)
Î“Ă¶Ă® Î“ĂąĂŻ /
Î“Ă¶ÂŁ Î“ĂąĂŻ /_not-found
Î“Ă¶ÂŁ Î“ĂąĂŻ /analyze
Î“Ă¶ÂŁ â•žĂ† /api/analyze
Î“Ă¶ÂŁ â•žĂ† /api/auth/[...nextauth]
Î“Ă¶ÂŁ â•žĂ† /api/deepfake
Î“Ă¶ÂŁ â•žĂ† /api/history
Î“Ă¶ÂŁ â•žĂ† /api/register
Î“Ă¶ÂŁ Î“ĂąĂŻ /dashboard
Î“Ă¶ÂŁ Î“ĂąĂŻ /deepfake
Î“Ă¶ÂŁ Î“ĂąĂŻ /login
Î“Ă¶ÂŁ Î“ĂąĂŻ /map
Î“Ă¶ÂŁ Î“ĂąĂŻ /pricing
Î“Ă¶ÂŁ Î“ĂąĂŻ /register
Î“Ă¶Ă¶ Î“ĂąĂŻ /sources


Î“ĂąĂŻ  (Static)   prerendered as static content
â•žĂ†  (Dynamic)  server-rendered on demand

